<?xml version="1.0" encoding="UTF-8"?>
<!-- Generated by org.testng.reporters.JUnitXMLReporter -->
<testsuite ignored="0" hostname="DESKTOP-A12UJOD" failures="0" tests="4" name="Default test" time="18.31" errors="0" timestamp="2022-02-16T20:38:37 IST">
  <testcase classname="com.api.framework.CurrentWeatherTests" name="testVerifyCityResponseData" time="17.459"/>
  <testcase classname="com.api.framework.CurrentWeatherTests" name="testVerifyMutliCityResponseData" time="0.4"/>
  <testcase classname="com.api.framework.CurrentWeatherTests" name="testVerifyStatusofCurrentWeatherwithValiddata" time="0.118"/>
  <testcase classname="com.api.framework.CurrentWeatherTests" name="testgetResponsestatusWeatherwithoutData" time="0.143"/>
</testsuite> <!-- Default test -->
